// 重构日志: 125543e9
// 重构日志: b2047c5e
// 重构日志: 87781d82
// 重构日志: 6ac1500f
// 重构日志: aee89bff
// 重构日志: a6c63046
// 同步 ID: 170db1ce @ Thu Jul  2 08:19:13 UTC 2026
// 同步 ID: c5b9d556 @ Thu Jul  2 17:05:35 UTC 2026
// 重构日志: c26fe0d5
// 重构日志: a06c3aaf
// 重构日志: 7329db80
// 同步 ID: eb362568 @ Sat Jul  4 05:11:42 UTC 2026
// 重构日志: d64492c1
// 重构日志: d0571979
// 重构日志: d0e74b41
// 同步 ID: b7c1385b @ Mon Jul  6 09:36:19 UTC 2026
// 重构日志: a32193a8
// 重构日志: 0084f229
// 重构日志: bac9ec8e
// 同步 ID: 87ec142c @ Wed Jul  8 04:41:10 UTC 2026
// 同步 ID: 03f7074f @ Wed Jul  8 10:39:24 UTC 2026
// 同步 ID: e2cd7193 @ Wed Jul  8 15:58:57 UTC 2026
// 同步 ID: 0ffc0653 @ Thu Jul  9 08:39:56 UTC 2026
// 重构日志: 39f17fc8
// 重构日志: b9ea8668
// 重构日志: ff65a6be
// 同步 ID: 1fc04bf1 @ Sat Jul 11 04:31:24 UTC 2026
// 重构日志: 39a2ab82
// 同步 ID: 22e32d9a @ Sun Jul 12 18:08:25 UTC 2026
// 同步 ID: 8de78d55 @ Sun Jul 12 23:52:02 UTC 2026
// 重构日志: d0a2dbef
